<?xml version="1.0" encoding="UTF-8"?>
<!-- Generated by org.testng.reporters.JUnitXMLReporter -->
<testsuite hostname="RonkeAkinyemi" ignored="0" name="Surefire test" tests="6" failures="0" timestamp="16 Oct 2020 16:35:31 GMT" time="0.066" errors="0">
  <testcase name="androidApp" time="0.012" classname="Notch.MavenJava.AppiumTest"/>
  <testcase name="iosApp" time="0.0" classname="Notch.MavenJava.AppiumTest"/>
  <testcase name="rrestAPI" time="0.0" classname="Notch.MavenJava.RrestAssuredAPITest"/>
  <testcase name="ssoapAPI" time="0.001" classname="Notch.MavenJava.RrestAssuredAPITest"/>
  <testcase name="web2Test" time="0.0" classname="Notch.MavenJava.SeleniumTest"/>
  <testcase name="webTest" time="0.001" classname="Notch.MavenJava.SeleniumTest"/>
</testsuite> <!-- Surefire test -->
