<?xml version="1.0" encoding="UTF-8"?>
<testsuite xmlns:xsi="http://www.w3.org/2001/XMLSchema-instance" xsi:noNamespaceSchemaLocation="https://maven.apache.org/surefire/maven-surefire-plugin/xsd/surefire-test-report-3.0.xsd" version="3.0" name="TestSuite" time="0.86" tests="6" errors="0" skipped="0" failures="0">
  <properties>
[...]
</properties>
  <testcase name="androidApp" classname="Notch.MavenJava.AppiumTest" time="0.016">
    <system-out><![CDATA[Android App
]]></system-out>
  </testcase>
  <testcase name="iosApp" classname="Notch.MavenJava.AppiumTest" time="0.004">
    <system-out><![CDATA[IOS App
]]></system-out>
  </testcase>
  <testcase name="rrestAPI" classname="Notch.MavenJava.RrestAssuredAPITest" time="0.002">
    <system-out><![CDATA[Rest API
]]></system-out>
  </testcase>
  <testcase name="ssoapAPI" classname="Notch.MavenJava.RrestAssuredAPITest" time="0.001">
    <system-out><![CDATA[Soap API
]]></system-out>
  </testcase>
  <testcase name="web2Test" classname="Notch.MavenJava.SeleniumTest" time="0.001">
    <system-out><![CDATA[Web2 Test
]]></system-out>
  </testcase>
  <testcase name="webTest" classname="Notch.MavenJava.SeleniumTest" time="0.003">
    <system-out><![CDATA[Web Test
]]></system-out>
  </testcase>
</testsuite>